/usr/share/zoneinfo/posix/Europe/Moscow
Timezone 'Europe/Moscow' available - continue
----------------------------- import -----------------------------------------------
PHPUnit 8.5.33 by Sebastian Bergmann and contributors.

Runtime:       PHP 7.4.33
Configuration: /app/runalyze/tests/config.xml

....FF..........................F......FFF.....................  63 / 109 ( 57%)
.............F.....................F......F...                  109 / 109 (100%)

Time: 29.62 seconds, Memory: 102.00 MB

There were 9 failures:

1) Runalyze\Tests\Parser\Activity\FileType\FitTest::testFenix2File
Failed asserting that 700 matches expected 816.

/app/runalyze/tests/inc/core/Parser/Activity/FileType/FitTest.php:109
/app/runalyze/vendor/phpunit/phpunit/phpunit:98

2) Runalyze\Tests\Parser\Activity\FileType\FitTest::testFenix2FileWithPauses
Failed asserting that 178 matches expected 932.

/app/runalyze/tests/inc/core/Parser/Activity/FileType/FitTest.php:123
/app/runalyze/vendor/phpunit/phpunit/phpunit:98

3) Runalyze\Tests\Parser\Activity\FileType\FitTest::testThatInvalidAltitudeAndEmptyRecordAreIgnored
Failed asserting that '291' is null.

/app/runalyze/tests/inc/core/Parser/Activity/FileType/FitTest.php:695
/app/runalyze/vendor/phpunit/phpunit/phpunit:98

4) Runalyze\Tests\Parser\Activity\FileType\FitTest::testRunScribeDataViaSupport001885
Failed asserting that null is not null.

/app/runalyze/tests/inc/core/Parser/Activity/FileType/FitTest.php:808
/app/runalyze/vendor/phpunit/phpunit/phpunit:98

5) Runalyze\Tests\Parser\Activity\FileType\FitTest::testEmptyRunScribeData
Failed asserting that an array is empty.

/app/runalyze/tests/inc/core/Parser/Activity/FileType/FitTest.php:816
/app/runalyze/vendor/phpunit/phpunit/phpunit:98

6) Runalyze\Tests\Parser\Activity\FileType\FitTest::testPerformanceConditionFromGarminForerunner735XT
Failed asserting that 405.0 matches expected 1842.

/app/runalyze/tests/inc/core/Parser/Activity/FileType/FitTest.php:837
/app/runalyze/vendor/phpunit/phpunit/phpunit:98

7) Runalyze\Tests\Parser\Activity\FileType\PwxTest::testIntervals
Pause #1 has wrong heart rate at end.
Failed asserting that 154.0 matches expected 0.

/app/runalyze/tests/inc/core/Parser/Activity/FileType/AbstractActivityParserTestCase.php:178
/app/runalyze/tests/inc/core/Parser/Activity/FileType/PwxTest.php:91
/app/runalyze/vendor/phpunit/phpunit/phpunit:98

8) Runalyze\Tests\Parser\Activity\FileType\TcxTest::testIndoorActivityWithDistanceForSingleLap
Failed asserting that 0.0 matches expected 0.094.

/app/runalyze/tests/inc/core/Parser/Activity/FileType/TcxTest.php:269
/app/runalyze/vendor/phpunit/phpunit/phpunit:98

9) Runalyze\Tests\Parser\Activity\FileType\XmlPolarTest::testFileWithLapsWithoutDistance
Failed asserting that 0.0 is null.

/app/runalyze/tests/inc/core/Parser/Activity/FileType/XmlPolarTest.php:114
/app/runalyze/vendor/phpunit/phpunit/phpunit:98

FAILURES!
Tests: 109, Assertions: 5767, Failures: 9.
----------------------------- requiresKernel,requiresDoctrine,requiresClient -------
PHPUnit 8.5.33 by Sebastian Bergmann and contributors.

Runtime:       PHP 7.4.33
Configuration: /app/runalyze/tests/config.xml

........................................................F........ 65 / 83 ( 78%)
...............F..                                                83 / 83 (100%)

Time: 1.61 minutes, Memory: 244.50 MB

There were 2 failures:

1) Runalyze\Bundle\CoreBundle\Tests\Entity\TrainingRepositoryTest::testThatVO2maxUpdateInListenerRecalculatesMarathonShape
Failed asserting that false is true.

/app/runalyze/tests/CoreBundle/Entity/TrainingRepositoryTest.php:408
/app/runalyze/vendor/phpunit/phpunit/phpunit:98

2) Runalyze\Bundle\CoreBundle\Tests\Services\Import\ActivityDataContainerToActivityContextConverterTest::testThatBarometricAltitudeDataIsTreatedAsCorrected
Failed asserting that an array is empty.

/app/runalyze/tests/CoreBundle/Services/Import/ActivityDataContainerToActivityContextConverterTest.php:126
/app/runalyze/vendor/phpunit/phpunit/phpunit:98

FAILURES!
Tests: 83, Assertions: 305, Failures: 2.
----------------------------- default,dependsOn,requiresSqlite ---------------------
PHPUnit 8.5.33 by Sebastian Bergmann and contributors.

Runtime:       PHP 7.4.33
Configuration: /app/runalyze/tests/config.xml

.............................................................   61 / 1173 (  5%)
.............................................................  122 / 1173 ( 10%)
....................................F........................  183 / 1173 ( 15%)
.............................................................  244 / 1173 ( 20%)
.............................................................  305 / 1173 ( 26%)
...............................................F.............  366 / 1173 ( 31%)
.............................................................  427 / 1173 ( 36%)
.............................................................  488 / 1173 ( 41%)
...................................F.........................  549 / 1173 ( 46%)
.............................................................  610 / 1173 ( 52%)
.............................................................  671 / 1173 ( 57%)
.............................................................  732 / 1173 ( 62%)
.............................................................  793 / 1173 ( 67%)
.............................................................  854 / 1173 ( 72%)
.............................................................  915 / 1173 ( 78%)
.......F.....................................................  976 / 1173 ( 83%)
............................................................. 1037 / 1173 ( 88%)
............................................................. 1098 / 1173 ( 93%)
............................................................. 1159 / 1173 ( 98%)
..............                                                1173 / 1173 (100%)

Time: 3.31 seconds, Memory: 38.00 MB

There were 4 failures:

1) Runalyze\Bundle\CoreBundle\Tests\Services\Recalculation\RecalculationManagerTest::testThatResultsOfTasksAreForwardedToConfiguration
Failed asserting that two strings are equal.
--- Expected
+++ Actual
@@ @@
-'35.7'
+'42'

/app/runalyze/tests/CoreBundle/Services/Recalculation/RecalculationManagerTest.php:95
/app/runalyze/vendor/phpunit/phpunit/phpunit:98

2) Runalyze\Calculation\Activity\PaceCalculatorTest::testSmoothPaceForRuntasticData
Failed asserting that two arrays are equal.
--- Expected
+++ Actual
@@ @@
 Array (
-    0 => 596
-    1 => 596
-    2 => 596
-    3 => 596
-    4 => 737
-    5 => 737
-    6 => 737
-    7 => 737
-    8 => 737
-    9 => 357
+    0 => 0
+    1 => 0
+    2 => 0
+    3 => 77.0
+    4 => 0
+    5 => 0
+    6 => 0
+    7 => 0
+    8 => 316.0
+    9 => 357.0
 )

/app/runalyze/tests/inc/core/Calculation/Activity/PaceCalculatorTest.php:39
/app/runalyze/vendor/phpunit/phpunit/phpunit:98

3) Runalyze\Data\Laps\CalculatorTest::testSpareData
Failed asserting that 200 matches expected 600.

/app/runalyze/tests/inc/core/Data/Laps/CalculatorTest.php:79
/app/runalyze/tests/inc/core/Data/Laps/CalculatorTest.php:240
/app/runalyze/vendor/phpunit/phpunit/phpunit:98

4) Runalyze\Tests\Parser\Activity\Data\ContinuousDataTest::testTotalDurationAndDistanceForEmptyArrays
Failed asserting that 0 is null.

/app/runalyze/tests/inc/core/Parser/Activity/Common/Data/ContinuousDataTest.php:47
/app/runalyze/vendor/phpunit/phpunit/phpunit:98

FAILURES!
Tests: 1173, Assertions: 5314, Failures: 4.
